<?xml version="1.0" encoding="UTF-8"?>
<coverage generated="1676178671458" clover="3.2.0">
  <project timestamp="1676178671458" name="All files">
    <metrics statements="55" coveredstatements="48" conditionals="16" coveredconditionals="11" methods="23" coveredmethods="17" elements="94" coveredelements="76" complexity="0" loc="55" ncloc="55" packages="4" files="13" classes="13"/>
    <package name="src">
      <metrics statements="2" coveredstatements="2" conditionals="0" coveredconditionals="0" methods="0" coveredmethods="0"/>
      <file name="config.js" path="C:\Users\apatel\Documents\GitHub\Namaste-React-Core\13-testing\src\config.js">
        <metrics statements="2" coveredstatements="2" conditionals="0" coveredconditionals="0" methods="0" coveredmethods="0"/>
        <line num="3" count="1" type="stmt"/>
        <line num="5" count="1" type="stmt"/>
      </file>
    </package>
    <package name="src.components">
      <metrics statements="30" coveredstatements="28" conditionals="16" coveredconditionals="11" methods="13" coveredmethods="12"/>
      <file name="Body.js" path="C:\Users\apatel\Documents\GitHub\Namaste-React-Core\13-testing\src\components\Body.js">
        <metrics statements="17" coveredstatements="16" conditionals="8" coveredconditionals="7" methods="6" coveredmethods="6"/>
        <line num="10" count="6" type="stmt"/>
        <line num="11" count="5" type="stmt"/>
        <line num="12" count="5" type="stmt"/>
        <line num="13" count="5" type="stmt"/>
        <line num="14" count="5" type="stmt"/>
        <line num="15" count="2" type="stmt"/>
        <line num="19" count="2" type="stmt"/>
        <line num="22" count="2" type="stmt"/>
        <line num="23" count="2" type="stmt"/>
        <line num="24" count="2" type="stmt"/>
        <line num="27" count="5" type="cond" truecount="1" falsecount="1"/>
        <line num="28" count="0" type="stmt"/>
        <line num="34" count="5" type="cond" truecount="4" falsecount="0"/>
        <line num="43" count="1" type="stmt"/>
        <line num="45" count="1" type="stmt"/>
        <line num="46" count="1" type="stmt"/>
        <line num="57" count="30" type="stmt"/>
      </file>
      <file name="CardShimmer.js" path="C:\Users\apatel\Documents\GitHub\Namaste-React-Core\13-testing\src\components\CardShimmer.js">
        <metrics statements="3" coveredstatements="3" conditionals="0" coveredconditionals="0" methods="2" coveredmethods="2"/>
        <line num="1" count="1" type="stmt"/>
        <line num="2" count="2" type="stmt"/>
        <line num="10" count="30" type="stmt"/>
      </file>
      <file name="Context.js" path="C:\Users\apatel\Documents\GitHub\Namaste-React-Core\13-testing\src\components\Context.js">
        <metrics statements="1" coveredstatements="1" conditionals="0" coveredconditionals="0" methods="0" coveredmethods="0"/>
        <line num="3" count="1" type="stmt"/>
      </file>
      <file name="Header.js" path="C:\Users\apatel\Documents\GitHub\Namaste-React-Core\13-testing\src\components\Header.js">
        <metrics statements="6" coveredstatements="5" conditionals="6" coveredconditionals="3" methods="3" coveredmethods="2"/>
        <line num="9" count="1" type="stmt"/>
        <line num="10" count="2" type="stmt"/>
        <line num="11" count="2" type="stmt"/>
        <line num="12" count="2" type="stmt"/>
        <line num="13" count="2" type="stmt"/>
        <line num="62" count="0" type="stmt"/>
      </file>
      <file name="RestaurantCard.js" path="C:\Users\apatel\Documents\GitHub\Namaste-React-Core\13-testing\src\components\RestaurantCard.js">
        <metrics statements="2" coveredstatements="2" conditionals="2" coveredconditionals="1" methods="1" coveredmethods="1"/>
        <line num="14" count="30" type="stmt"/>
        <line num="16" count="30" type="stmt"/>
      </file>
      <file name="Sum.js" path="C:\Users\apatel\Documents\GitHub\Namaste-React-Core\13-testing\src\components\Sum.js">
        <metrics statements="1" coveredstatements="1" conditionals="0" coveredconditionals="0" methods="1" coveredmethods="1"/>
        <line num="1" count="1" type="stmt"/>
      </file>
    </package>
    <package name="src.mocks">
      <metrics statements="1" coveredstatements="1" conditionals="0" coveredconditionals="0" methods="0" coveredmethods="0"/>
      <file name="Data.js" path="C:\Users\apatel\Documents\GitHub\Namaste-React-Core\13-testing\src\mocks\Data.js">
        <metrics statements="1" coveredstatements="1" conditionals="0" coveredconditionals="0" methods="0" coveredmethods="0"/>
        <line num="1" count="1" type="stmt"/>
      </file>
      <file name="dummyLogo.js" path="C:\Users\apatel\Documents\GitHub\Namaste-React-Core\13-testing\src\mocks\dummyLogo.js">
        <metrics statements="0" coveredstatements="0" conditionals="0" coveredconditionals="0" methods="0" coveredmethods="0"/>
      </file>
    </package>
    <package name="src.utils">
      <metrics statements="22" coveredstatements="17" conditionals="0" coveredconditionals="0" methods="10" coveredmethods="5"/>
      <file name="cartSlice.js" path="C:\Users\apatel\Documents\GitHub\Namaste-React-Core\13-testing\src\utils\cartSlice.js">
        <metrics statements="5" coveredstatements="2" conditionals="0" coveredconditionals="0" methods="3" coveredmethods="0"/>
        <line num="4" count="2" type="stmt"/>
        <line num="11" count="0" type="stmt"/>
        <line num="14" count="0" type="stmt"/>
        <line num="17" count="0" type="stmt"/>
        <line num="23" count="2" type="stmt"/>
      </file>
      <file name="helper.js" path="C:\Users\apatel\Documents\GitHub\Namaste-React-Core\13-testing\src\utils\helper.js">
        <metrics statements="3" coveredstatements="3" conditionals="0" coveredconditionals="0" methods="2" coveredmethods="2"/>
        <line num="1" count="1" type="stmt"/>
        <line num="2" count="15" type="stmt"/>
        <line num="3" count="1" type="stmt"/>
      </file>
      <file name="store.js" path="C:\Users\apatel\Documents\GitHub\Namaste-React-Core\13-testing\src\utils\store.js">
        <metrics statements="2" coveredstatements="2" conditionals="0" coveredconditionals="0" methods="0" coveredmethods="0"/>
        <line num="3" count="2" type="stmt"/>
        <line num="5" count="2" type="stmt"/>
      </file>
      <file name="useOnline.js" path="C:\Users\apatel\Documents\GitHub\Namaste-React-Core\13-testing\src\utils\useOnline.js">
        <metrics statements="12" coveredstatements="10" conditionals="0" coveredconditionals="0" methods="5" coveredmethods="3"/>
        <line num="4" count="7" type="stmt"/>
        <line num="6" count="7" type="stmt"/>
        <line num="7" count="4" type="stmt"/>
        <line num="8" count="0" type="stmt"/>
        <line num="10" count="4" type="stmt"/>
        <line num="11" count="0" type="stmt"/>
        <line num="14" count="4" type="stmt"/>
        <line num="15" count="4" type="stmt"/>
        <line num="17" count="4" type="stmt"/>
        <line num="18" count="4" type="stmt"/>
        <line num="19" count="4" type="stmt"/>
        <line num="23" count="7" type="stmt"/>
      </file>
    </package>
  </project>
</coverage>
