{"C:\\Users\\apatel\\Documents\\GitHub\\Namaste-React-Core\\13-testing\\src\\config.js": {"path":"C:\\Users\\apatel\\Documents\\GitHub\\Namaste-React-Core\\13-testing\\src\\config.js","statementMap":{"0":{"start":{"line":3,"column":27},"end":{"line":3,"column":118}},"1":{"start":{"line":5,"column":24},"end":{"line":735,"column":3}}},"fnMap":{},"branchMap":{},"s":{"0":1,"1":1},"f":{},"b":{},"_coverageSchema":"1a1c01bbd47fc00a2c39e90264f33305004495a9","hash":"d1bd57efc27eb1c1bb672e24758ce7a2edcbdd61"}
,"C:\\Users\\apatel\\Documents\\GitHub\\Namaste-React-Core\\13-testing\\src\\components\\Body.js": {"path":"C:\\Users\\apatel\\Documents\\GitHub\\Namaste-React-Core\\13-testing\\src\\components\\Body.js","statementMap":{"0":{"start":{"line":10,"column":46},"end":{"line":10,"column":58}},"1":{"start":{"line":11,"column":58},"end":{"line":11,"column":70}},"2":{"start":{"line":12,"column":38},"end":{"line":12,"column":50}},"3":{"start":{"line":13,"column":17},"end":{"line":13,"column":28}},"4":{"start":{"line":14,"column":2},"end":{"line":16,"column":9}},"5":{"start":{"line":15,"column":4},"end":{"line":15,"column":21}},"6":{"start":{"line":19,"column":17},"end":{"line":21,"column":5}},"7":{"start":{"line":22,"column":17},"end":{"line":22,"column":34}},"8":{"start":{"line":23,"column":4},"end":{"line":23,"column":63}},"9":{"start":{"line":24,"column":4},"end":{"line":24,"column":69}},"10":{"start":{"line":27,"column":2},"end":{"line":29,"column":3}},"11":{"start":{"line":28,"column":4},"end":{"line":28,"column":66}},"12":{"start":{"line":34,"column":0},"end":{"line":66,"column":3}},"13":{"start":{"line":43,"column":175},"end":{"line":43,"column":204}},"14":{"start":{"line":45,"column":33},"end":{"line":45,"column":71}},"15":{"start":{"line":46,"column":12},"end":{"line":46,"column":49}},"16":{"start":{"line":57,"column":10},"end":{"line":61,"column":12}}},"fnMap":{"0":{"name":"Body","decl":{"start":{"line":9,"column":9},"end":{"line":9,"column":13}},"loc":{"start":{"line":9,"column":16},"end":{"line":67,"column":1}},"line":9},"1":{"name":"(anonymous_1)","decl":{"start":{"line":14,"column":12},"end":{"line":14,"column":13}},"loc":{"start":{"line":14,"column":18},"end":{"line":16,"column":3}},"line":14},"2":{"name":"getRestaurants","decl":{"start":{"line":18,"column":17},"end":{"line":18,"column":31}},"loc":{"start":{"line":18,"column":34},"end":{"line":25,"column":3}},"line":18},"3":{"name":"(anonymous_3)","decl":{"start":{"line":43,"column":168},"end":{"line":43,"column":169}},"loc":{"start":{"line":43,"column":175},"end":{"line":43,"column":204}},"line":43},"4":{"name":"(anonymous_4)","decl":{"start":{"line":44,"column":121},"end":{"line":44,"column":122}},"loc":{"start":{"line":44,"column":128},"end":{"line":47,"column":11}},"line":44},"5":{"name":"(anonymous_5)","decl":{"start":{"line":56,"column":32},"end":{"line":56,"column":33}},"loc":{"start":{"line":56,"column":48},"end":{"line":62,"column":9}},"line":56}},"branchMap":{"0":{"loc":{"start":{"line":27,"column":2},"end":{"line":29,"column":3}},"type":"if","locations":[{"start":{"line":27,"column":2},"end":{"line":29,"column":3}},{"start":{},"end":{}}],"line":27},"1":{"loc":{"start":{"line":34,"column":7},"end":{"line":66,"column":3}},"type":"cond-expr","locations":[{"start":{"line":35,"column":2},"end":{"line":35,"column":17}},{"start":{"line":37,"column":4},"end":{"line":65,"column":7}}],"line":34},"2":{"loc":{"start":{"line":34,"column":8},"end":{"line":34,"column":55}},"type":"binary-expr","locations":[{"start":{"line":34,"column":8},"end":{"line":34,"column":36}},{"start":{"line":34,"column":40},"end":{"line":34,"column":55}}],"line":34},"3":{"loc":{"start":{"line":54,"column":7},"end":{"line":62,"column":11}},"type":"cond-expr","locations":[{"start":{"line":55,"column":6},"end":{"line":55,"column":54}},{"start":{"line":56,"column":7},"end":{"line":62,"column":10}}],"line":54}},"s":{"0":6,"1":5,"2":5,"3":5,"4":5,"5":2,"6":2,"7":2,"8":2,"9":2,"10":5,"11":0,"12":5,"13":1,"14":1,"15":1,"16":30},"f":{"0":6,"1":2,"2":2,"3":1,"4":1,"5":30},"b":{"0":[0,5],"1":[2,3],"2":[5,3],"3":[1,2]},"_coverageSchema":"1a1c01bbd47fc00a2c39e90264f33305004495a9","hash":"049d27ffd9ead876a365578696f08d5daae824f9"}
,"C:\\Users\\apatel\\Documents\\GitHub\\Namaste-React-Core\\13-testing\\src\\components\\CardShimmer.js": {"path":"C:\\Users\\apatel\\Documents\\GitHub\\Namaste-React-Core\\13-testing\\src\\components\\CardShimmer.js","statementMap":{"0":{"start":{"line":1,"column":20},"end":{"line":20,"column":1}},"1":{"start":{"line":2,"column":2},"end":{"line":19,"column":4}},"2":{"start":{"line":10,"column":10},"end":{"line":15,"column":16}}},"fnMap":{"0":{"name":"(anonymous_0)","decl":{"start":{"line":1,"column":20},"end":{"line":1,"column":21}},"loc":{"start":{"line":1,"column":26},"end":{"line":20,"column":1}},"line":1},"1":{"name":"(anonymous_1)","decl":{"start":{"line":9,"column":13},"end":{"line":9,"column":14}},"loc":{"start":{"line":10,"column":10},"end":{"line":15,"column":16}},"line":10}},"branchMap":{},"s":{"0":1,"1":2,"2":30},"f":{"0":2,"1":30},"b":{},"_coverageSchema":"1a1c01bbd47fc00a2c39e90264f33305004495a9","hash":"2f018100d35156952bebf370b23443fa3aadac55"}
,"C:\\Users\\apatel\\Documents\\GitHub\\Namaste-React-Core\\13-testing\\src\\components\\Context.js": {"path":"C:\\Users\\apatel\\Documents\\GitHub\\Namaste-React-Core\\13-testing\\src\\components\\Context.js","statementMap":{"0":{"start":{"line":3,"column":19},"end":{"line":6,"column":2}}},"fnMap":{},"branchMap":{},"s":{"0":1},"f":{},"b":{},"_coverageSchema":"1a1c01bbd47fc00a2c39e90264f33305004495a9","hash":"2b0a1f4b067f0d1e1f61467c2122e985c10c8869"}
,"C:\\Users\\apatel\\Documents\\GitHub\\Namaste-React-Core\\13-testing\\src\\components\\Header.js": {"path":"C:\\Users\\apatel\\Documents\\GitHub\\Namaste-React-Core\\13-testing\\src\\components\\Header.js","statementMap":{"0":{"start":{"line":9,"column":15},"end":{"line":81,"column":1}},"1":{"start":{"line":10,"column":17},"end":{"line":10,"column":39}},"2":{"start":{"line":11,"column":20},"end":{"line":11,"column":58}},"3":{"start":{"line":11,"column":41},"end":{"line":11,"column":57}},"4":{"start":{"line":12,"column":18},"end":{"line":12,"column":29}},"5":{"start":{"line":13,"column":2},"end":{"line":80,"column":4}},"6":{"start":{"line":62,"column":29},"end":{"line":62,"column":47}}},"fnMap":{"0":{"name":"(anonymous_0)","decl":{"start":{"line":9,"column":15},"end":{"line":9,"column":16}},"loc":{"start":{"line":9,"column":46},"end":{"line":81,"column":1}},"line":9},"1":{"name":"(anonymous_1)","decl":{"start":{"line":11,"column":32},"end":{"line":11,"column":33}},"loc":{"start":{"line":11,"column":41},"end":{"line":11,"column":57}},"line":11},"2":{"name":"(anonymous_2)","decl":{"start":{"line":62,"column":23},"end":{"line":62,"column":24}},"loc":{"start":{"line":62,"column":29},"end":{"line":62,"column":47}},"line":62}},"branchMap":{"0":{"loc":{"start":{"line":47,"column":11},"end":{"line":58,"column":18}},"type":"cond-expr","locations":[{"start":{"line":48,"column":12},"end":{"line":57,"column":17}},{"start":{"line":58,"column":14},"end":{"line":58,"column":18}}],"line":47},"1":{"loc":{"start":{"line":59,"column":11},"end":{"line":76,"column":11}},"type":"cond-expr","locations":[{"start":{"line":60,"column":12},"end":{"line":65,"column":17}},{"start":{"line":67,"column":12},"end":{"line":75,"column":17}}],"line":59},"2":{"loc":{"start":{"line":73,"column":66},"end":{"line":73,"column":97}},"type":"cond-expr","locations":[{"start":{"line":73,"column":77},"end":{"line":73,"column":85}},{"start":{"line":73,"column":88},"end":{"line":73,"column":97}}],"line":73}},"s":{"0":1,"1":2,"2":2,"3":2,"4":2,"5":2,"6":0},"f":{"0":2,"1":2,"2":0},"b":{"0":[0,2],"1":[0,2],"2":[2,0]},"_coverageSchema":"1a1c01bbd47fc00a2c39e90264f33305004495a9","hash":"15b3b07736c2b6dba0a47984727318aa1aa759d1"}
,"C:\\Users\\apatel\\Documents\\GitHub\\Namaste-React-Core\\13-testing\\src\\components\\RestaurantCard.js": {"path":"C:\\Users\\apatel\\Documents\\GitHub\\Namaste-React-Core\\13-testing\\src\\components\\RestaurantCard.js","statementMap":{"0":{"start":{"line":14,"column":26},"end":{"line":14,"column":57}},"1":{"start":{"line":16,"column":2},"end":{"line":27,"column":3}}},"fnMap":{"0":{"name":"RestaurantCard","decl":{"start":{"line":6,"column":9},"end":{"line":6,"column":23}},"loc":{"start":{"line":13,"column":3},"end":{"line":28,"column":1}},"line":13}},"branchMap":{"0":{"loc":{"start":{"line":22,"column":81},"end":{"line":22,"column":136}},"type":"cond-expr","locations":[{"start":{"line":22,"column":104},"end":{"line":22,"column":118}},{"start":{"line":22,"column":121},"end":{"line":22,"column":136}}],"line":22}},"s":{"0":30,"1":30},"f":{"0":30},"b":{"0":[30,0]},"_coverageSchema":"1a1c01bbd47fc00a2c39e90264f33305004495a9","hash":"ab057e74f6240c69847660455395fa0c09282b7a"}
,"C:\\Users\\apatel\\Documents\\GitHub\\Namaste-React-Core\\13-testing\\src\\components\\Sum.js": {"path":"C:\\Users\\apatel\\Documents\\GitHub\\Namaste-React-Core\\13-testing\\src\\components\\Sum.js","statementMap":{"0":{"start":{"line":1,"column":19},"end":{"line":1,"column":33}},"1":{"start":{"line":1,"column":28},"end":{"line":1,"column":33}}},"fnMap":{"0":{"name":"(anonymous_0)","decl":{"start":{"line":1,"column":19},"end":{"line":1,"column":20}},"loc":{"start":{"line":1,"column":28},"end":{"line":1,"column":33}},"line":1}},"branchMap":{},"s":{"0":1,"1":1},"f":{"0":1},"b":{},"_coverageSchema":"1a1c01bbd47fc00a2c39e90264f33305004495a9","hash":"2e4b6b6d2cb24b692c276fc112d06bacce8337c1"}
,"C:\\Users\\apatel\\Documents\\GitHub\\Namaste-React-Core\\13-testing\\src\\mocks\\Data.js": {"path":"C:\\Users\\apatel\\Documents\\GitHub\\Namaste-React-Core\\13-testing\\src\\mocks\\Data.js","statementMap":{"0":{"start":{"line":1,"column":25},"end":{"line":2314,"column":1}}},"fnMap":{},"branchMap":{},"s":{"0":1},"f":{},"b":{},"_coverageSchema":"1a1c01bbd47fc00a2c39e90264f33305004495a9","hash":"6a4fac1c0e3c5fc9d0ce760312a7e837421723e3"}
,"C:\\Users\\apatel\\Documents\\GitHub\\Namaste-React-Core\\13-testing\\src\\mocks\\dummyLogo.js": {"path":"C:\\Users\\apatel\\Documents\\GitHub\\Namaste-React-Core\\13-testing\\src\\mocks\\dummyLogo.js","statementMap":{},"fnMap":{},"branchMap":{},"s":{},"f":{},"b":{},"_coverageSchema":"1a1c01bbd47fc00a2c39e90264f33305004495a9","hash":"11742fa9970e6685b25be3327a49fa7e182ec072"}
,"C:\\Users\\apatel\\Documents\\GitHub\\Namaste-React-Core\\13-testing\\src\\utils\\cartSlice.js": {"path":"C:\\Users\\apatel\\Documents\\GitHub\\Namaste-React-Core\\13-testing\\src\\utils\\cartSlice.js","statementMap":{"0":{"start":{"line":4,"column":18},"end":{"line":21,"column":2}},"1":{"start":{"line":11,"column":6},"end":{"line":11,"column":39}},"2":{"start":{"line":14,"column":6},"end":{"line":14,"column":38}},"3":{"start":{"line":17,"column":6},"end":{"line":17,"column":23}},"4":{"start":{"line":23,"column":49},"end":{"line":23,"column":66}}},"fnMap":{"0":{"name":"(anonymous_0)","decl":{"start":{"line":10,"column":13},"end":{"line":10,"column":14}},"loc":{"start":{"line":10,"column":32},"end":{"line":12,"column":5}},"line":10},"1":{"name":"(anonymous_1)","decl":{"start":{"line":13,"column":16},"end":{"line":13,"column":17}},"loc":{"start":{"line":13,"column":35},"end":{"line":15,"column":5}},"line":13},"2":{"name":"(anonymous_2)","decl":{"start":{"line":16,"column":16},"end":{"line":16,"column":17}},"loc":{"start":{"line":16,"column":27},"end":{"line":18,"column":5}},"line":16}},"branchMap":{},"s":{"0":2,"1":0,"2":0,"3":0,"4":2},"f":{"0":0,"1":0,"2":0},"b":{},"_coverageSchema":"1a1c01bbd47fc00a2c39e90264f33305004495a9","hash":"0b950385c20d02fddc6c948ed86ed83c61bb00df"}
,"C:\\Users\\apatel\\Documents\\GitHub\\Namaste-React-Core\\13-testing\\src\\utils\\helper.js": {"path":"C:\\Users\\apatel\\Documents\\GitHub\\Namaste-React-Core\\13-testing\\src\\utils\\helper.js","statementMap":{"0":{"start":{"line":1,"column":26},"end":{"line":4,"column":4}},"1":{"start":{"line":2,"column":21},"end":{"line":2,"column":132}},"2":{"start":{"line":2,"column":59},"end":{"line":2,"column":131}},"3":{"start":{"line":3,"column":4},"end":{"line":3,"column":20}}},"fnMap":{"0":{"name":"(anonymous_0)","decl":{"start":{"line":1,"column":26},"end":{"line":1,"column":27}},"loc":{"start":{"line":1,"column":58},"end":{"line":4,"column":4}},"line":1},"1":{"name":"(anonymous_1)","decl":{"start":{"line":2,"column":43},"end":{"line":2,"column":44}},"loc":{"start":{"line":2,"column":59},"end":{"line":2,"column":131}},"line":2}},"branchMap":{},"s":{"0":1,"1":1,"2":15,"3":1},"f":{"0":1,"1":15},"b":{},"_coverageSchema":"1a1c01bbd47fc00a2c39e90264f33305004495a9","hash":"97a7922320e839b4c96f21efb36f8f3271ec0bda"}
,"C:\\Users\\apatel\\Documents\\GitHub\\Namaste-React-Core\\13-testing\\src\\utils\\store.js": {"path":"C:\\Users\\apatel\\Documents\\GitHub\\Namaste-React-Core\\13-testing\\src\\utils\\store.js","statementMap":{"0":{"start":{"line":3,"column":27},"end":{"line":3,"column":54}},"1":{"start":{"line":5,"column":14},"end":{"line":9,"column":2}}},"fnMap":{},"branchMap":{},"s":{"0":2,"1":2},"f":{},"b":{},"_coverageSchema":"1a1c01bbd47fc00a2c39e90264f33305004495a9","hash":"8398b12d973b85ceb3e7f389ad39a319a091bd0a"}
,"C:\\Users\\apatel\\Documents\\GitHub\\Namaste-React-Core\\13-testing\\src\\utils\\useOnline.js": {"path":"C:\\Users\\apatel\\Documents\\GitHub\\Namaste-React-Core\\13-testing\\src\\utils\\useOnline.js","statementMap":{"0":{"start":{"line":4,"column":32},"end":{"line":4,"column":46}},"1":{"start":{"line":6,"column":4},"end":{"line":21,"column":10}},"2":{"start":{"line":7,"column":29},"end":{"line":9,"column":9}},"3":{"start":{"line":8,"column":12},"end":{"line":8,"column":27}},"4":{"start":{"line":10,"column":30},"end":{"line":12,"column":9}},"5":{"start":{"line":11,"column":12},"end":{"line":11,"column":28}},"6":{"start":{"line":14,"column":6},"end":{"line":14,"column":55}},"7":{"start":{"line":15,"column":6},"end":{"line":15,"column":56}},"8":{"start":{"line":17,"column":6},"end":{"line":20,"column":7}},"9":{"start":{"line":18,"column":8},"end":{"line":18,"column":58}},"10":{"start":{"line":19,"column":8},"end":{"line":19,"column":59}},"11":{"start":{"line":23,"column":2},"end":{"line":23,"column":15}}},"fnMap":{"0":{"name":"useOnline","decl":{"start":{"line":3,"column":24},"end":{"line":3,"column":33}},"loc":{"start":{"line":3,"column":36},"end":{"line":24,"column":1}},"line":3},"1":{"name":"(anonymous_1)","decl":{"start":{"line":6,"column":14},"end":{"line":6,"column":15}},"loc":{"start":{"line":6,"column":20},"end":{"line":21,"column":5}},"line":6},"2":{"name":"(anonymous_2)","decl":{"start":{"line":7,"column":29},"end":{"line":7,"column":30}},"loc":{"start":{"line":7,"column":35},"end":{"line":9,"column":9}},"line":7},"3":{"name":"(anonymous_3)","decl":{"start":{"line":10,"column":30},"end":{"line":10,"column":31}},"loc":{"start":{"line":10,"column":36},"end":{"line":12,"column":9}},"line":10},"4":{"name":"(anonymous_4)","decl":{"start":{"line":17,"column":13},"end":{"line":17,"column":14}},"loc":{"start":{"line":17,"column":19},"end":{"line":20,"column":7}},"line":17}},"branchMap":{},"s":{"0":7,"1":7,"2":4,"3":0,"4":4,"5":0,"6":4,"7":4,"8":4,"9":4,"10":4,"11":7},"f":{"0":7,"1":4,"2":0,"3":0,"4":4},"b":{},"_coverageSchema":"1a1c01bbd47fc00a2c39e90264f33305004495a9","hash":"ee5fb865f1c5291d02be1d6dcbb08faa4230200c"}
}
