TN:
SF:src\config.js
FNF:0
FNH:0
DA:3,1
DA:5,1
LF:2
LH:2
BRF:0
BRH:0
end_of_record
TN:
SF:src\components\Body.js
FN:9,Body
FN:14,(anonymous_1)
FN:18,getRestaurants
FN:43,(anonymous_3)
FN:44,(anonymous_4)
FN:56,(anonymous_5)
FNF:6
FNH:6
FNDA:6,Body
FNDA:2,(anonymous_1)
FNDA:2,getRestaurants
FNDA:1,(anonymous_3)
FNDA:1,(anonymous_4)
FNDA:30,(anonymous_5)
DA:10,6
DA:11,5
DA:12,5
DA:13,5
DA:14,5
DA:15,2
DA:19,2
DA:22,2
DA:23,2
DA:24,2
DA:27,5
DA:28,0
DA:34,5
DA:43,1
DA:45,1
DA:46,1
DA:57,30
LF:17
LH:16
BRDA:27,0,0,0
BRDA:27,0,1,5
BRDA:34,1,0,2
BRDA:34,1,1,3
BRDA:34,2,0,5
BRDA:34,2,1,3
BRDA:54,3,0,1
BRDA:54,3,1,2
BRF:8
BRH:7
end_of_record
TN:
SF:src\components\CardShimmer.js
FN:1,(anonymous_0)
FN:9,(anonymous_1)
FNF:2
FNH:2
FNDA:2,(anonymous_0)
FNDA:30,(anonymous_1)
DA:1,1
DA:2,2
DA:10,30
LF:3
LH:3
BRF:0
BRH:0
end_of_record
TN:
SF:src\components\Context.js
FNF:0
FNH:0
DA:3,1
LF:1
LH:1
BRF:0
BRH:0
end_of_record
TN:
SF:src\components\Header.js
FN:9,(anonymous_0)
FN:11,(anonymous_1)
FN:62,(anonymous_2)
FNF:3
FNH:2
FNDA:2,(anonymous_0)
FNDA:2,(anonymous_1)
FNDA:0,(anonymous_2)
DA:9,1
DA:10,2
DA:11,2
DA:12,2
DA:13,2
DA:62,0
LF:6
LH:5
BRDA:47,0,0,0
BRDA:47,0,1,2
BRDA:59,1,0,0
BRDA:59,1,1,2
BRDA:73,2,0,2
BRDA:73,2,1,0
BRF:6
BRH:3
end_of_record
TN:
SF:src\components\RestaurantCard.js
FN:6,RestaurantCard
FNF:1
FNH:1
FNDA:30,RestaurantCard
DA:14,30
DA:16,30
LF:2
LH:2
BRDA:22,0,0,30
BRDA:22,0,1,0
BRF:2
BRH:1
end_of_record
TN:
SF:src\components\Sum.js
FN:1,(anonymous_0)
FNF:1
FNH:1
FNDA:1,(anonymous_0)
DA:1,1
LF:1
LH:1
BRF:0
BRH:0
end_of_record
TN:
SF:src\mocks\Data.js
FNF:0
FNH:0
DA:1,1
LF:1
LH:1
BRF:0
BRH:0
end_of_record
TN:
SF:src\mocks\dummyLogo.js
FNF:0
FNH:0
LF:0
LH:0
BRF:0
BRH:0
end_of_record
TN:
SF:src\utils\cartSlice.js
FN:10,(anonymous_0)
FN:13,(anonymous_1)
FN:16,(anonymous_2)
FNF:3
FNH:0
FNDA:0,(anonymous_0)
FNDA:0,(anonymous_1)
FNDA:0,(anonymous_2)
DA:4,2
DA:11,0
DA:14,0
DA:17,0
DA:23,2
LF:5
LH:2
BRF:0
BRH:0
end_of_record
TN:
SF:src\utils\helper.js
FN:1,(anonymous_0)
FN:2,(anonymous_1)
FNF:2
FNH:2
FNDA:1,(anonymous_0)
FNDA:15,(anonymous_1)
DA:1,1
DA:2,15
DA:3,1
LF:3
LH:3
BRF:0
BRH:0
end_of_record
TN:
SF:src\utils\store.js
FNF:0
FNH:0
DA:3,2
DA:5,2
LF:2
LH:2
BRF:0
BRH:0
end_of_record
TN:
SF:src\utils\useOnline.js
FN:3,useOnline
FN:6,(anonymous_1)
FN:7,(anonymous_2)
FN:10,(anonymous_3)
FN:17,(anonymous_4)
FNF:5
FNH:3
FNDA:7,useOnline
FNDA:4,(anonymous_1)
FNDA:0,(anonymous_2)
FNDA:0,(anonymous_3)
FNDA:4,(anonymous_4)
DA:4,7
DA:6,7
DA:7,4
DA:8,0
DA:10,4
DA:11,0
DA:14,4
DA:15,4
DA:17,4
DA:18,4
DA:19,4
DA:23,7
LF:12
LH:10
BRF:0
BRH:0
end_of_record
